c:\users\6648550\downloads\ac2\ac2\ac2\debug\ac2.pch
c:\users\6648550\downloads\ac2\ac2\ac2\debug\vc141.pdb
c:\users\6648550\downloads\ac2\ac2\ac2\debug\vc141.idb
c:\users\6648550\downloads\ac2\ac2\ac2\debug\stdafx.obj
c:\users\jooao\documents\faculdade\2018_1\algoritmo\ac2_1\ac2\debug\ac2.pch
c:\users\jooao\documents\faculdade\2018_1\algoritmo\ac2_1\ac2\debug\vc141.pdb
c:\users\jooao\documents\faculdade\2018_1\algoritmo\ac2_1\ac2\debug\vc141.idb
c:\users\jooao\documents\faculdade\2018_1\algoritmo\ac2_1\ac2\debug\stdafx.obj
c:\users\6648550\desktop\ac2_1\ac2\debug\ac2.pch
c:\users\6648550\desktop\ac2_1\ac2\debug\vc141.pdb
c:\users\6648550\desktop\ac2_1\ac2\debug\vc141.idb
c:\users\6648550\desktop\ac2_1\ac2\debug\stdafx.obj
c:\users\6648550\downloads\ac2\ac2\debug\ac2.exe
c:\users\6648550\downloads\ac2\ac2\debug\ac2.ilk
c:\users\6648550\downloads\ac2\ac2\debug\ac2.pdb
c:\users\6648550\desktop\ac2_1\debug\ac2.pdb
c:\users\6648550\desktop\ac2_1\debug\ac2.exe
c:\users\6648550\desktop\ac2_1\debug\ac2.ilk
c:\users\6648550\desktop\ac2_1\ac2\debug\ac2.tlog\cl.command.1.tlog
c:\users\6648550\desktop\ac2_1\ac2\debug\ac2.tlog\cl.read.1.tlog
c:\users\6648550\desktop\ac2_1\ac2\debug\ac2.tlog\cl.write.1.tlog
c:\users\6648550\desktop\ac2_1\ac2\debug\ac2.tlog\link.command.1.tlog
c:\users\6648550\desktop\ac2_1\ac2\debug\ac2.tlog\link.read.1.tlog
c:\users\6648550\desktop\ac2_1\ac2\debug\ac2.tlog\link.write.1.tlog
